06/07/2015 11:00:44 AM R: {u'username': u'juniorgerdet', u'first_name': u'Junior', u'last_name': u'Gerdet', u'role_alt': u'taxi_driver', u'email': u'juniorgerdet@gmail.com', u'password': u'Test10', u'id': u'15'} 
06/07/2015 11:00:44 AM R: {u'username': u'amartinez', u'first_name': u'Alexis', u'last_name': u'Martinez', u'role_alt': u'client', u'email': u'amartinez@email.com', u'password': u'Test10', u'id': u'2'} 
06/07/2015 11:00:45 AM R: {u'username': u'jlopez', u'first_name': u'Jesus', u'last_name': u'Lopez', u'role_alt': u'taxi_driver', u'email': u'jlopez@email.com', u'password': u'Test10', u'id': u'3'} 
06/07/2015 11:00:45 AM R: {u'username': u'mherrera', u'first_name': u'Miguel', u'last_name': u'Herrera', u'role_alt': u'taxi_driver', u'email': u'mherrera@email.com', u'password': u'Test10', u'id': u'4'} 
06/07/2015 11:00:45 AM R: {u'username': u'fhernandez', u'first_name': u'Felix', u'last_name': u'Hernandez', u'role_alt': u'taxi_driver', u'email': u'fhernandez@email.com', u'password': u'Test10', u'id': u'5'} 
06/07/2015 11:00:46 AM R: {u'username': u'sgarcia', u'first_name': u'Samuel', u'last_name': u'Gracia', u'role_alt': u'taxi_driver', u'email': u'sgarcia@email.com', u'password': u'Test10', u'id': u'6'} 
06/07/2015 11:00:46 AM R: {u'username': u'dmartinez', u'first_name': u'Diego', u'last_name': u'Martinez', u'role_alt': u'taxi_driver', u'email': u'dmartinez@email.com', u'password': u'Test10', u'id': u'7'} 
06/07/2015 11:00:47 AM R: {u'username': u'agerdet', u'first_name': u'Alex', u'last_name': u'Gerdet', u'role_alt': u'taxi_driver', u'email': u'agerdet@email.com', u'password': u'Test10', u'id': u'8'} 
06/07/2015 11:00:47 AM R: {u'username': u'mcastillo', u'first_name': u'Maria', u'last_name': u'Castillo', u'role_alt': u'client', u'email': u'mcastillo@email.com', u'password': u'Test10', u'id': u'9'} 
06/07/2015 11:00:47 AM R: {u'username': u'jsilva', u'first_name': u'Jennifer', u'last_name': u'Silva', u'role_alt': u'client', u'email': u'jsilva@email.com', u'password': u'Test10', u'id': u'10'} 
06/07/2015 11:00:48 AM R: {u'username': u'sbarreto', u'first_name': u'Sofia', u'last_name': u'Barreto', u'role_alt': u'client', u'email': u'sbarreto@email.com', u'password': u'Test10', u'id': u'11'} 
06/07/2015 11:00:48 AM R: {u'username': u'jpaz', u'first_name': u'Jessica', u'last_name': u'Paz', u'role_alt': u'client', u'email': u'jpaz@email.com', u'password': u'Test10', u'id': u'12'} 
06/07/2015 11:00:49 AM R: {u'username': u'lhurtado', u'first_name': u'Luisa', u'last_name': u'Hurtado', u'role_alt': u'client', u'email': u'lhurtado@email.com', u'password': u'Test10', u'id': u'13'} 
06/07/2015 11:00:53 AM Internal Server Error: /api/v1/availables/
Traceback (most recent call last):
  File "c:\Python27\lib\site-packages\django\core\handlers\base.py", line 111, in get_response
    response = wrapped_callback(request, *callback_args, **callback_kwargs)
  File "c:\Python27\lib\site-packages\django\views\decorators\csrf.py", line 57, in wrapped_view
    return view_func(*args, **kwargs)
  File "c:\Python27\lib\site-packages\django\views\generic\base.py", line 69, in view
    return self.dispatch(request, *args, **kwargs)
  File "c:\Python27\lib\site-packages\rest_framework\views.py", line 453, in dispatch
    self.response = self.finalize_response(request, response, *args, **kwargs)
  File "c:\Python27\lib\site-packages\rest_framework\views.py", line 373, in finalize_response
    % type(response)
AssertionError: Expected a `Response`, `HttpResponse` or `HttpStreamingResponse` to be returned from the view, but received a `<type 'NoneType'>`
06/07/2015 11:03:31 AM R: {u'username': u'juniorgerdet', u'first_name': u'Junior', u'last_name': u'Gerdet', u'role_alt': u'taxi_driver', u'email': u'juniorgerdet@gmail.com', u'password': u'Test10', u'id': u'15'} 
06/07/2015 11:03:32 AM R: {u'username': u'amartinez', u'first_name': u'Alexis', u'last_name': u'Martinez', u'role_alt': u'client', u'email': u'amartinez@email.com', u'password': u'Test10', u'id': u'2'} 
06/07/2015 11:03:32 AM R: {u'username': u'jlopez', u'first_name': u'Jesus', u'last_name': u'Lopez', u'role_alt': u'taxi_driver', u'email': u'jlopez@email.com', u'password': u'Test10', u'id': u'3'} 
06/07/2015 11:03:33 AM R: {u'username': u'mherrera', u'first_name': u'Miguel', u'last_name': u'Herrera', u'role_alt': u'taxi_driver', u'email': u'mherrera@email.com', u'password': u'Test10', u'id': u'4'} 
06/07/2015 11:03:33 AM R: {u'username': u'fhernandez', u'first_name': u'Felix', u'last_name': u'Hernandez', u'role_alt': u'taxi_driver', u'email': u'fhernandez@email.com', u'password': u'Test10', u'id': u'5'} 
06/07/2015 11:03:33 AM R: {u'username': u'sgarcia', u'first_name': u'Samuel', u'last_name': u'Gracia', u'role_alt': u'taxi_driver', u'email': u'sgarcia@email.com', u'password': u'Test10', u'id': u'6'} 
06/07/2015 11:03:34 AM R: {u'username': u'dmartinez', u'first_name': u'Diego', u'last_name': u'Martinez', u'role_alt': u'taxi_driver', u'email': u'dmartinez@email.com', u'password': u'Test10', u'id': u'7'} 
06/07/2015 11:03:34 AM R: {u'username': u'agerdet', u'first_name': u'Alex', u'last_name': u'Gerdet', u'role_alt': u'taxi_driver', u'email': u'agerdet@email.com', u'password': u'Test10', u'id': u'8'} 
06/07/2015 11:03:34 AM R: {u'username': u'mcastillo', u'first_name': u'Maria', u'last_name': u'Castillo', u'role_alt': u'client', u'email': u'mcastillo@email.com', u'password': u'Test10', u'id': u'9'} 
06/07/2015 11:03:35 AM R: {u'username': u'jsilva', u'first_name': u'Jennifer', u'last_name': u'Silva', u'role_alt': u'client', u'email': u'jsilva@email.com', u'password': u'Test10', u'id': u'10'} 
06/07/2015 11:03:35 AM R: {u'username': u'sbarreto', u'first_name': u'Sofia', u'last_name': u'Barreto', u'role_alt': u'client', u'email': u'sbarreto@email.com', u'password': u'Test10', u'id': u'11'} 
06/07/2015 11:03:36 AM R: {u'username': u'jpaz', u'first_name': u'Jessica', u'last_name': u'Paz', u'role_alt': u'client', u'email': u'jpaz@email.com', u'password': u'Test10', u'id': u'12'} 
06/07/2015 11:03:36 AM R: {u'username': u'lhurtado', u'first_name': u'Luisa', u'last_name': u'Hurtado', u'role_alt': u'client', u'email': u'lhurtado@email.com', u'password': u'Test10', u'id': u'13'} 
06/07/2015 11:03:40 AM Internal Server Error: /api/v1/availables/
Traceback (most recent call last):
  File "c:\Python27\lib\site-packages\django\core\handlers\base.py", line 111, in get_response
    response = wrapped_callback(request, *callback_args, **callback_kwargs)
  File "c:\Python27\lib\site-packages\django\views\decorators\csrf.py", line 57, in wrapped_view
    return view_func(*args, **kwargs)
  File "c:\Python27\lib\site-packages\django\views\generic\base.py", line 69, in view
    return self.dispatch(request, *args, **kwargs)
  File "c:\Python27\lib\site-packages\rest_framework\views.py", line 453, in dispatch
    self.response = self.finalize_response(request, response, *args, **kwargs)
  File "c:\Python27\lib\site-packages\rest_framework\views.py", line 373, in finalize_response
    % type(response)
AssertionError: Expected a `Response`, `HttpResponse` or `HttpStreamingResponse` to be returned from the view, but received a `<type 'NoneType'>`
06/07/2015 12:22:44 PM R: {u'username': u'juniorgerdet', u'first_name': u'Junior', u'last_name': u'Gerdet', u'role_alt': u'taxi_driver', u'email': u'juniorgerdet@gmail.com', u'password': u'Test10', u'id': u'15'} 
06/07/2015 12:22:44 PM R: {u'username': u'amartinez', u'first_name': u'Alexis', u'last_name': u'Martinez', u'role_alt': u'client', u'email': u'amartinez@email.com', u'password': u'Test10', u'id': u'2'} 
06/07/2015 12:22:44 PM R: {u'username': u'jlopez', u'first_name': u'Jesus', u'last_name': u'Lopez', u'role_alt': u'taxi_driver', u'email': u'jlopez@email.com', u'password': u'Test10', u'id': u'3'} 
06/07/2015 12:22:45 PM R: {u'username': u'mherrera', u'first_name': u'Miguel', u'last_name': u'Herrera', u'role_alt': u'taxi_driver', u'email': u'mherrera@email.com', u'password': u'Test10', u'id': u'4'} 
06/07/2015 12:22:45 PM R: {u'username': u'fhernandez', u'first_name': u'Felix', u'last_name': u'Hernandez', u'role_alt': u'taxi_driver', u'email': u'fhernandez@email.com', u'password': u'Test10', u'id': u'5'} 
06/07/2015 12:22:45 PM R: {u'username': u'sgarcia', u'first_name': u'Samuel', u'last_name': u'Gracia', u'role_alt': u'taxi_driver', u'email': u'sgarcia@email.com', u'password': u'Test10', u'id': u'6'} 
06/07/2015 12:22:45 PM R: {u'username': u'dmartinez', u'first_name': u'Diego', u'last_name': u'Martinez', u'role_alt': u'taxi_driver', u'email': u'dmartinez@email.com', u'password': u'Test10', u'id': u'7'} 
06/07/2015 12:22:45 PM R: {u'username': u'agerdet', u'first_name': u'Alex', u'last_name': u'Gerdet', u'role_alt': u'taxi_driver', u'email': u'agerdet@email.com', u'password': u'Test10', u'id': u'8'} 
06/07/2015 12:22:45 PM R: {u'username': u'mcastillo', u'first_name': u'Maria', u'last_name': u'Castillo', u'role_alt': u'client', u'email': u'mcastillo@email.com', u'password': u'Test10', u'id': u'9'} 
06/07/2015 12:22:45 PM R: {u'username': u'jsilva', u'first_name': u'Jennifer', u'last_name': u'Silva', u'role_alt': u'client', u'email': u'jsilva@email.com', u'password': u'Test10', u'id': u'10'} 
06/07/2015 12:22:46 PM R: {u'username': u'sbarreto', u'first_name': u'Sofia', u'last_name': u'Barreto', u'role_alt': u'client', u'email': u'sbarreto@email.com', u'password': u'Test10', u'id': u'11'} 
06/07/2015 12:22:46 PM R: {u'username': u'jpaz', u'first_name': u'Jessica', u'last_name': u'Paz', u'role_alt': u'client', u'email': u'jpaz@email.com', u'password': u'Test10', u'id': u'12'} 
06/07/2015 12:22:46 PM R: {u'username': u'lhurtado', u'first_name': u'Luisa', u'last_name': u'Hurtado', u'role_alt': u'client', u'email': u'lhurtado@email.com', u'password': u'Test10', u'id': u'13'} 
06/07/2015 12:22:47 PM Internal Server Error: /api/v1/availables/
Traceback (most recent call last):
  File "c:\Python27\lib\site-packages\django\core\handlers\base.py", line 111, in get_response
    response = wrapped_callback(request, *callback_args, **callback_kwargs)
  File "c:\Python27\lib\site-packages\django\views\decorators\csrf.py", line 57, in wrapped_view
    return view_func(*args, **kwargs)
  File "c:\Python27\lib\site-packages\django\views\generic\base.py", line 69, in view
    return self.dispatch(request, *args, **kwargs)
  File "c:\Python27\lib\site-packages\rest_framework\views.py", line 453, in dispatch
    self.response = self.finalize_response(request, response, *args, **kwargs)
  File "c:\Python27\lib\site-packages\rest_framework\views.py", line 373, in finalize_response
    % type(response)
AssertionError: Expected a `Response`, `HttpResponse` or `HttpStreamingResponse` to be returned from the view, but received a `<type 'NoneType'>`
06/07/2015 12:23:55 PM R: {u'username': u'juniorgerdet', u'first_name': u'Junior', u'last_name': u'Gerdet', u'role_alt': u'taxi_driver', u'email': u'juniorgerdet@gmail.com', u'password': u'Test10', u'id': u'15'} 
06/07/2015 12:23:55 PM R: {u'username': u'amartinez', u'first_name': u'Alexis', u'last_name': u'Martinez', u'role_alt': u'client', u'email': u'amartinez@email.com', u'password': u'Test10', u'id': u'2'} 
06/07/2015 12:23:55 PM R: {u'username': u'jlopez', u'first_name': u'Jesus', u'last_name': u'Lopez', u'role_alt': u'taxi_driver', u'email': u'jlopez@email.com', u'password': u'Test10', u'id': u'3'} 
06/07/2015 12:23:56 PM R: {u'username': u'mherrera', u'first_name': u'Miguel', u'last_name': u'Herrera', u'role_alt': u'taxi_driver', u'email': u'mherrera@email.com', u'password': u'Test10', u'id': u'4'} 
06/07/2015 12:23:56 PM R: {u'username': u'fhernandez', u'first_name': u'Felix', u'last_name': u'Hernandez', u'role_alt': u'taxi_driver', u'email': u'fhernandez@email.com', u'password': u'Test10', u'id': u'5'} 
06/07/2015 12:23:56 PM R: {u'username': u'sgarcia', u'first_name': u'Samuel', u'last_name': u'Gracia', u'role_alt': u'taxi_driver', u'email': u'sgarcia@email.com', u'password': u'Test10', u'id': u'6'} 
06/07/2015 12:23:56 PM R: {u'username': u'dmartinez', u'first_name': u'Diego', u'last_name': u'Martinez', u'role_alt': u'taxi_driver', u'email': u'dmartinez@email.com', u'password': u'Test10', u'id': u'7'} 
06/07/2015 12:23:56 PM R: {u'username': u'agerdet', u'first_name': u'Alex', u'last_name': u'Gerdet', u'role_alt': u'taxi_driver', u'email': u'agerdet@email.com', u'password': u'Test10', u'id': u'8'} 
06/07/2015 12:23:56 PM R: {u'username': u'mcastillo', u'first_name': u'Maria', u'last_name': u'Castillo', u'role_alt': u'client', u'email': u'mcastillo@email.com', u'password': u'Test10', u'id': u'9'} 
06/07/2015 12:23:56 PM R: {u'username': u'jsilva', u'first_name': u'Jennifer', u'last_name': u'Silva', u'role_alt': u'client', u'email': u'jsilva@email.com', u'password': u'Test10', u'id': u'10'} 
06/07/2015 12:23:57 PM R: {u'username': u'sbarreto', u'first_name': u'Sofia', u'last_name': u'Barreto', u'role_alt': u'client', u'email': u'sbarreto@email.com', u'password': u'Test10', u'id': u'11'} 
06/07/2015 12:23:57 PM R: {u'username': u'jpaz', u'first_name': u'Jessica', u'last_name': u'Paz', u'role_alt': u'client', u'email': u'jpaz@email.com', u'password': u'Test10', u'id': u'12'} 
06/07/2015 12:23:57 PM R: {u'username': u'lhurtado', u'first_name': u'Luisa', u'last_name': u'Hurtado', u'role_alt': u'client', u'email': u'lhurtado@email.com', u'password': u'Test10', u'id': u'13'} 
06/07/2015 12:23:58 PM Internal Server Error: /api/v1/availables/
Traceback (most recent call last):
  File "c:\Python27\lib\site-packages\django\core\handlers\base.py", line 111, in get_response
    response = wrapped_callback(request, *callback_args, **callback_kwargs)
  File "c:\Python27\lib\site-packages\django\views\decorators\csrf.py", line 57, in wrapped_view
    return view_func(*args, **kwargs)
  File "c:\Python27\lib\site-packages\django\views\generic\base.py", line 69, in view
    return self.dispatch(request, *args, **kwargs)
  File "c:\Python27\lib\site-packages\rest_framework\views.py", line 453, in dispatch
    self.response = self.finalize_response(request, response, *args, **kwargs)
  File "c:\Python27\lib\site-packages\rest_framework\views.py", line 373, in finalize_response
    % type(response)
AssertionError: Expected a `Response`, `HttpResponse` or `HttpStreamingResponse` to be returned from the view, but received a `<type 'NoneType'>`
06/07/2015 12:24:15 PM R: {u'username': u'juniorgerdet', u'first_name': u'Junior', u'last_name': u'Gerdet', u'role_alt': u'taxi_driver', u'email': u'juniorgerdet@gmail.com', u'password': u'Test10', u'id': u'15'} 
06/07/2015 12:24:15 PM R: {u'username': u'amartinez', u'first_name': u'Alexis', u'last_name': u'Martinez', u'role_alt': u'client', u'email': u'amartinez@email.com', u'password': u'Test10', u'id': u'2'} 
06/07/2015 12:24:15 PM R: {u'username': u'jlopez', u'first_name': u'Jesus', u'last_name': u'Lopez', u'role_alt': u'taxi_driver', u'email': u'jlopez@email.com', u'password': u'Test10', u'id': u'3'} 
06/07/2015 12:24:15 PM R: {u'username': u'mherrera', u'first_name': u'Miguel', u'last_name': u'Herrera', u'role_alt': u'taxi_driver', u'email': u'mherrera@email.com', u'password': u'Test10', u'id': u'4'} 
06/07/2015 12:24:15 PM R: {u'username': u'fhernandez', u'first_name': u'Felix', u'last_name': u'Hernandez', u'role_alt': u'taxi_driver', u'email': u'fhernandez@email.com', u'password': u'Test10', u'id': u'5'} 
06/07/2015 12:24:15 PM R: {u'username': u'sgarcia', u'first_name': u'Samuel', u'last_name': u'Gracia', u'role_alt': u'taxi_driver', u'email': u'sgarcia@email.com', u'password': u'Test10', u'id': u'6'} 
06/07/2015 12:24:15 PM R: {u'username': u'dmartinez', u'first_name': u'Diego', u'last_name': u'Martinez', u'role_alt': u'taxi_driver', u'email': u'dmartinez@email.com', u'password': u'Test10', u'id': u'7'} 
06/07/2015 12:24:15 PM R: {u'username': u'agerdet', u'first_name': u'Alex', u'last_name': u'Gerdet', u'role_alt': u'taxi_driver', u'email': u'agerdet@email.com', u'password': u'Test10', u'id': u'8'} 
06/07/2015 12:24:16 PM R: {u'username': u'mcastillo', u'first_name': u'Maria', u'last_name': u'Castillo', u'role_alt': u'client', u'email': u'mcastillo@email.com', u'password': u'Test10', u'id': u'9'} 
06/07/2015 12:24:16 PM R: {u'username': u'jsilva', u'first_name': u'Jennifer', u'last_name': u'Silva', u'role_alt': u'client', u'email': u'jsilva@email.com', u'password': u'Test10', u'id': u'10'} 
06/07/2015 12:24:16 PM R: {u'username': u'sbarreto', u'first_name': u'Sofia', u'last_name': u'Barreto', u'role_alt': u'client', u'email': u'sbarreto@email.com', u'password': u'Test10', u'id': u'11'} 
06/07/2015 12:24:16 PM R: {u'username': u'jpaz', u'first_name': u'Jessica', u'last_name': u'Paz', u'role_alt': u'client', u'email': u'jpaz@email.com', u'password': u'Test10', u'id': u'12'} 
06/07/2015 12:24:16 PM R: {u'username': u'lhurtado', u'first_name': u'Luisa', u'last_name': u'Hurtado', u'role_alt': u'client', u'email': u'lhurtado@email.com', u'password': u'Test10', u'id': u'13'} 
06/07/2015 12:24:17 PM Internal Server Error: /api/v1/availables/
Traceback (most recent call last):
  File "c:\Python27\lib\site-packages\django\core\handlers\base.py", line 111, in get_response
    response = wrapped_callback(request, *callback_args, **callback_kwargs)
  File "c:\Python27\lib\site-packages\django\views\decorators\csrf.py", line 57, in wrapped_view
    return view_func(*args, **kwargs)
  File "c:\Python27\lib\site-packages\django\views\generic\base.py", line 69, in view
    return self.dispatch(request, *args, **kwargs)
  File "c:\Python27\lib\site-packages\rest_framework\views.py", line 453, in dispatch
    self.response = self.finalize_response(request, response, *args, **kwargs)
  File "c:\Python27\lib\site-packages\rest_framework\views.py", line 373, in finalize_response
    % type(response)
AssertionError: Expected a `Response`, `HttpResponse` or `HttpStreamingResponse` to be returned from the view, but received a `<type 'NoneType'>`
06/07/2015 12:24:43 PM R: {u'username': u'juniorgerdet', u'first_name': u'Junior', u'last_name': u'Gerdet', u'role_alt': u'taxi_driver', u'email': u'juniorgerdet@gmail.com', u'password': u'Test10', u'id': u'15'} 
06/07/2015 12:24:44 PM R: {u'username': u'amartinez', u'first_name': u'Alexis', u'last_name': u'Martinez', u'role_alt': u'client', u'email': u'amartinez@email.com', u'password': u'Test10', u'id': u'2'} 
06/07/2015 12:24:44 PM R: {u'username': u'jlopez', u'first_name': u'Jesus', u'last_name': u'Lopez', u'role_alt': u'taxi_driver', u'email': u'jlopez@email.com', u'password': u'Test10', u'id': u'3'} 
06/07/2015 12:24:44 PM R: {u'username': u'mherrera', u'first_name': u'Miguel', u'last_name': u'Herrera', u'role_alt': u'taxi_driver', u'email': u'mherrera@email.com', u'password': u'Test10', u'id': u'4'} 
06/07/2015 12:24:44 PM R: {u'username': u'fhernandez', u'first_name': u'Felix', u'last_name': u'Hernandez', u'role_alt': u'taxi_driver', u'email': u'fhernandez@email.com', u'password': u'Test10', u'id': u'5'} 
06/07/2015 12:24:44 PM R: {u'username': u'sgarcia', u'first_name': u'Samuel', u'last_name': u'Gracia', u'role_alt': u'taxi_driver', u'email': u'sgarcia@email.com', u'password': u'Test10', u'id': u'6'} 
06/07/2015 12:24:44 PM R: {u'username': u'dmartinez', u'first_name': u'Diego', u'last_name': u'Martinez', u'role_alt': u'taxi_driver', u'email': u'dmartinez@email.com', u'password': u'Test10', u'id': u'7'} 
06/07/2015 12:24:44 PM R: {u'username': u'agerdet', u'first_name': u'Alex', u'last_name': u'Gerdet', u'role_alt': u'taxi_driver', u'email': u'agerdet@email.com', u'password': u'Test10', u'id': u'8'} 
06/07/2015 12:24:45 PM R: {u'username': u'mcastillo', u'first_name': u'Maria', u'last_name': u'Castillo', u'role_alt': u'client', u'email': u'mcastillo@email.com', u'password': u'Test10', u'id': u'9'} 
06/07/2015 12:24:45 PM R: {u'username': u'jsilva', u'first_name': u'Jennifer', u'last_name': u'Silva', u'role_alt': u'client', u'email': u'jsilva@email.com', u'password': u'Test10', u'id': u'10'} 
06/07/2015 12:24:45 PM R: {u'username': u'sbarreto', u'first_name': u'Sofia', u'last_name': u'Barreto', u'role_alt': u'client', u'email': u'sbarreto@email.com', u'password': u'Test10', u'id': u'11'} 
06/07/2015 12:24:45 PM R: {u'username': u'jpaz', u'first_name': u'Jessica', u'last_name': u'Paz', u'role_alt': u'client', u'email': u'jpaz@email.com', u'password': u'Test10', u'id': u'12'} 
06/07/2015 12:24:45 PM R: {u'username': u'lhurtado', u'first_name': u'Luisa', u'last_name': u'Hurtado', u'role_alt': u'client', u'email': u'lhurtado@email.com', u'password': u'Test10', u'id': u'13'} 
06/07/2015 12:24:47 PM Internal Server Error: /api/v1/availables/
Traceback (most recent call last):
  File "c:\Python27\lib\site-packages\django\core\handlers\base.py", line 111, in get_response
    response = wrapped_callback(request, *callback_args, **callback_kwargs)
  File "c:\Python27\lib\site-packages\django\views\decorators\csrf.py", line 57, in wrapped_view
    return view_func(*args, **kwargs)
  File "c:\Python27\lib\site-packages\django\views\generic\base.py", line 69, in view
    return self.dispatch(request, *args, **kwargs)
  File "c:\Python27\lib\site-packages\rest_framework\views.py", line 453, in dispatch
    self.response = self.finalize_response(request, response, *args, **kwargs)
  File "c:\Python27\lib\site-packages\rest_framework\views.py", line 373, in finalize_response
    % type(response)
AssertionError: Expected a `Response`, `HttpResponse` or `HttpStreamingResponse` to be returned from the view, but received a `<type 'NoneType'>`
06/07/2015 12:51:30 PM R: {u'username': u'juniorgerdet', u'first_name': u'Junior', u'last_name': u'Gerdet', u'role_alt': u'taxi_driver', u'email': u'juniorgerdet@gmail.com', u'password': u'Test10', u'id': u'15'} 
06/07/2015 12:51:31 PM R: {u'username': u'amartinez', u'first_name': u'Alexis', u'last_name': u'Martinez', u'role_alt': u'client', u'email': u'amartinez@email.com', u'password': u'Test10', u'id': u'2'} 
06/07/2015 12:51:31 PM R: {u'username': u'jlopez', u'first_name': u'Jesus', u'last_name': u'Lopez', u'role_alt': u'taxi_driver', u'email': u'jlopez@email.com', u'password': u'Test10', u'id': u'3'} 
06/07/2015 12:51:32 PM R: {u'username': u'mherrera', u'first_name': u'Miguel', u'last_name': u'Herrera', u'role_alt': u'taxi_driver', u'email': u'mherrera@email.com', u'password': u'Test10', u'id': u'4'} 
06/07/2015 12:51:32 PM R: {u'username': u'fhernandez', u'first_name': u'Felix', u'last_name': u'Hernandez', u'role_alt': u'taxi_driver', u'email': u'fhernandez@email.com', u'password': u'Test10', u'id': u'5'} 
06/07/2015 12:51:32 PM R: {u'username': u'sgarcia', u'first_name': u'Samuel', u'last_name': u'Gracia', u'role_alt': u'taxi_driver', u'email': u'sgarcia@email.com', u'password': u'Test10', u'id': u'6'} 
06/07/2015 12:51:33 PM R: {u'username': u'dmartinez', u'first_name': u'Diego', u'last_name': u'Martinez', u'role_alt': u'taxi_driver', u'email': u'dmartinez@email.com', u'password': u'Test10', u'id': u'7'} 
06/07/2015 12:51:33 PM R: {u'username': u'agerdet', u'first_name': u'Alex', u'last_name': u'Gerdet', u'role_alt': u'taxi_driver', u'email': u'agerdet@email.com', u'password': u'Test10', u'id': u'8'} 
06/07/2015 12:51:34 PM R: {u'username': u'mcastillo', u'first_name': u'Maria', u'last_name': u'Castillo', u'role_alt': u'client', u'email': u'mcastillo@email.com', u'password': u'Test10', u'id': u'9'} 
06/07/2015 12:51:34 PM R: {u'username': u'jsilva', u'first_name': u'Jennifer', u'last_name': u'Silva', u'role_alt': u'client', u'email': u'jsilva@email.com', u'password': u'Test10', u'id': u'10'} 
06/07/2015 12:51:35 PM R: {u'username': u'sbarreto', u'first_name': u'Sofia', u'last_name': u'Barreto', u'role_alt': u'client', u'email': u'sbarreto@email.com', u'password': u'Test10', u'id': u'11'} 
06/07/2015 12:51:35 PM R: {u'username': u'jpaz', u'first_name': u'Jessica', u'last_name': u'Paz', u'role_alt': u'client', u'email': u'jpaz@email.com', u'password': u'Test10', u'id': u'12'} 
06/07/2015 12:51:35 PM R: {u'username': u'lhurtado', u'first_name': u'Luisa', u'last_name': u'Hurtado', u'role_alt': u'client', u'email': u'lhurtado@email.com', u'password': u'Test10', u'id': u'13'} 
06/07/2015 12:51:39 PM Internal Server Error: /api/v1/availables/
Traceback (most recent call last):
  File "c:\Python27\lib\site-packages\django\core\handlers\base.py", line 111, in get_response
    response = wrapped_callback(request, *callback_args, **callback_kwargs)
  File "c:\Python27\lib\site-packages\django\views\decorators\csrf.py", line 57, in wrapped_view
    return view_func(*args, **kwargs)
  File "c:\Python27\lib\site-packages\django\views\generic\base.py", line 69, in view
    return self.dispatch(request, *args, **kwargs)
  File "c:\Python27\lib\site-packages\rest_framework\views.py", line 453, in dispatch
    self.response = self.finalize_response(request, response, *args, **kwargs)
  File "c:\Python27\lib\site-packages\rest_framework\views.py", line 373, in finalize_response
    % type(response)
AssertionError: Expected a `Response`, `HttpResponse` or `HttpStreamingResponse` to be returned from the view, but received a `<type 'NoneType'>`
06/07/2015 08:17:31 PM R: {u'username': u'juniorgerdet', u'first_name': u'Junior', u'last_name': u'Gerdet', u'role_alt': u'taxi_driver', u'email': u'juniorgerdet@gmail.com', u'password': u'Test10', u'id': u'15'} 
06/07/2015 08:17:31 PM R: {u'username': u'amartinez', u'first_name': u'Alexis', u'last_name': u'Martinez', u'role_alt': u'client', u'email': u'amartinez@email.com', u'password': u'Test10', u'id': u'2'} 
06/07/2015 08:17:32 PM R: {u'username': u'jlopez', u'first_name': u'Jesus', u'last_name': u'Lopez', u'role_alt': u'taxi_driver', u'email': u'jlopez@email.com', u'password': u'Test10', u'id': u'3'} 
06/07/2015 08:17:32 PM R: {u'username': u'mherrera', u'first_name': u'Miguel', u'last_name': u'Herrera', u'role_alt': u'taxi_driver', u'email': u'mherrera@email.com', u'password': u'Test10', u'id': u'4'} 
06/07/2015 08:17:33 PM R: {u'username': u'fhernandez', u'first_name': u'Felix', u'last_name': u'Hernandez', u'role_alt': u'taxi_driver', u'email': u'fhernandez@email.com', u'password': u'Test10', u'id': u'5'} 
06/07/2015 08:17:33 PM R: {u'username': u'sgarcia', u'first_name': u'Samuel', u'last_name': u'Gracia', u'role_alt': u'taxi_driver', u'email': u'sgarcia@email.com', u'password': u'Test10', u'id': u'6'} 
06/07/2015 08:17:33 PM R: {u'username': u'dmartinez', u'first_name': u'Diego', u'last_name': u'Martinez', u'role_alt': u'taxi_driver', u'email': u'dmartinez@email.com', u'password': u'Test10', u'id': u'7'} 
06/07/2015 08:17:34 PM R: {u'username': u'agerdet', u'first_name': u'Alex', u'last_name': u'Gerdet', u'role_alt': u'taxi_driver', u'email': u'agerdet@email.com', u'password': u'Test10', u'id': u'8'} 
06/07/2015 08:17:34 PM R: {u'username': u'mcastillo', u'first_name': u'Maria', u'last_name': u'Castillo', u'role_alt': u'client', u'email': u'mcastillo@email.com', u'password': u'Test10', u'id': u'9'} 
06/07/2015 08:17:34 PM R: {u'username': u'jsilva', u'first_name': u'Jennifer', u'last_name': u'Silva', u'role_alt': u'client', u'email': u'jsilva@email.com', u'password': u'Test10', u'id': u'10'} 
06/07/2015 08:17:35 PM R: {u'username': u'sbarreto', u'first_name': u'Sofia', u'last_name': u'Barreto', u'role_alt': u'client', u'email': u'sbarreto@email.com', u'password': u'Test10', u'id': u'11'} 
06/07/2015 08:17:35 PM R: {u'username': u'jpaz', u'first_name': u'Jessica', u'last_name': u'Paz', u'role_alt': u'client', u'email': u'jpaz@email.com', u'password': u'Test10', u'id': u'12'} 
06/07/2015 08:17:35 PM R: {u'username': u'lhurtado', u'first_name': u'Luisa', u'last_name': u'Hurtado', u'role_alt': u'client', u'email': u'lhurtado@email.com', u'password': u'Test10', u'id': u'13'} 
06/07/2015 08:17:39 PM R: http://127.0.0.1:7000/api/v1/availables/ 
06/14/2015 07:32:47 AM R: {u'username': u'juniorgerdet', u'first_name': u'Junior', u'last_name': u'Gerdet', u'role_alt': u'taxi_driver', u'email': u'juniorgerdet@gmail.com', u'password': u'Test10', u'id': u'15'} 
06/14/2015 07:32:47 AM R: {u'username': u'amartinez', u'first_name': u'Alexis', u'last_name': u'Martinez', u'role_alt': u'client', u'email': u'amartinez@email.com', u'password': u'Test10', u'id': u'2'} 
06/14/2015 07:32:48 AM R: {u'username': u'jlopez', u'first_name': u'Jesus', u'last_name': u'Lopez', u'role_alt': u'taxi_driver', u'email': u'jlopez@email.com', u'password': u'Test10', u'id': u'3'} 
06/14/2015 07:32:49 AM R: {u'username': u'mherrera', u'first_name': u'Miguel', u'last_name': u'Herrera', u'role_alt': u'taxi_driver', u'email': u'mherrera@email.com', u'password': u'Test10', u'id': u'4'} 
06/14/2015 07:32:50 AM R: {u'username': u'fhernandez', u'first_name': u'Felix', u'last_name': u'Hernandez', u'role_alt': u'taxi_driver', u'email': u'fhernandez@email.com', u'password': u'Test10', u'id': u'5'} 
06/14/2015 07:32:50 AM R: {u'username': u'sgarcia', u'first_name': u'Samuel', u'last_name': u'Gracia', u'role_alt': u'taxi_driver', u'email': u'sgarcia@email.com', u'password': u'Test10', u'id': u'6'} 
06/14/2015 07:32:50 AM R: {u'username': u'dmartinez', u'first_name': u'Diego', u'last_name': u'Martinez', u'role_alt': u'taxi_driver', u'email': u'dmartinez@email.com', u'password': u'Test10', u'id': u'7'} 
06/14/2015 07:32:51 AM R: {u'username': u'agerdet', u'first_name': u'Alex', u'last_name': u'Gerdet', u'role_alt': u'taxi_driver', u'email': u'agerdet@email.com', u'password': u'Test10', u'id': u'8'} 
06/14/2015 07:32:51 AM R: {u'username': u'mcastillo', u'first_name': u'Maria', u'last_name': u'Castillo', u'role_alt': u'client', u'email': u'mcastillo@email.com', u'password': u'Test10', u'id': u'9'} 
06/14/2015 07:32:51 AM R: {u'username': u'jsilva', u'first_name': u'Jennifer', u'last_name': u'Silva', u'role_alt': u'client', u'email': u'jsilva@email.com', u'password': u'Test10', u'id': u'10'} 
06/14/2015 07:32:52 AM R: {u'username': u'sbarreto', u'first_name': u'Sofia', u'last_name': u'Barreto', u'role_alt': u'client', u'email': u'sbarreto@email.com', u'password': u'Test10', u'id': u'11'} 
06/14/2015 07:32:52 AM R: {u'username': u'jpaz', u'first_name': u'Jessica', u'last_name': u'Paz', u'role_alt': u'client', u'email': u'jpaz@email.com', u'password': u'Test10', u'id': u'12'} 
06/14/2015 07:32:52 AM R: {u'username': u'lhurtado', u'first_name': u'Luisa', u'last_name': u'Hurtado', u'role_alt': u'client', u'email': u'lhurtado@email.com', u'password': u'Test10', u'id': u'13'} 
06/14/2015 07:32:54 AM Not Found: /api/v1/availables/
06/14/2015 07:32:55 AM R: http://127.0.0.1:7000/api/v1/availables/ 
06/14/2015 11:06:59 AM R: {u'username': u'juniorgerdet', u'first_name': u'Junior', u'last_name': u'Gerdet', u'role_alt': u'taxi_driver', u'email': u'juniorgerdet@gmail.com', u'password': u'Test10', u'id': u'15'} 
06/14/2015 11:06:59 AM R: {u'username': u'amartinez', u'first_name': u'Alexis', u'last_name': u'Martinez', u'role_alt': u'client', u'email': u'amartinez@email.com', u'password': u'Test10', u'id': u'2'} 
06/14/2015 11:07:00 AM R: {u'username': u'jlopez', u'first_name': u'Jesus', u'last_name': u'Lopez', u'role_alt': u'taxi_driver', u'email': u'jlopez@email.com', u'password': u'Test10', u'id': u'3'} 
06/14/2015 11:07:00 AM R: {u'username': u'mherrera', u'first_name': u'Miguel', u'last_name': u'Herrera', u'role_alt': u'taxi_driver', u'email': u'mherrera@email.com', u'password': u'Test10', u'id': u'4'} 
06/14/2015 11:07:01 AM R: {u'username': u'fhernandez', u'first_name': u'Felix', u'last_name': u'Hernandez', u'role_alt': u'taxi_driver', u'email': u'fhernandez@email.com', u'password': u'Test10', u'id': u'5'} 
06/14/2015 11:07:01 AM R: {u'username': u'sgarcia', u'first_name': u'Samuel', u'last_name': u'Gracia', u'role_alt': u'taxi_driver', u'email': u'sgarcia@email.com', u'password': u'Test10', u'id': u'6'} 
06/14/2015 11:07:02 AM R: {u'username': u'dmartinez', u'first_name': u'Diego', u'last_name': u'Martinez', u'role_alt': u'taxi_driver', u'email': u'dmartinez@email.com', u'password': u'Test10', u'id': u'7'} 
06/14/2015 11:07:02 AM R: {u'username': u'agerdet', u'first_name': u'Alex', u'last_name': u'Gerdet', u'role_alt': u'taxi_driver', u'email': u'agerdet@email.com', u'password': u'Test10', u'id': u'8'} 
06/14/2015 11:07:02 AM R: {u'username': u'mcastillo', u'first_name': u'Maria', u'last_name': u'Castillo', u'role_alt': u'client', u'email': u'mcastillo@email.com', u'password': u'Test10', u'id': u'9'} 
06/14/2015 11:07:03 AM R: {u'username': u'jsilva', u'first_name': u'Jennifer', u'last_name': u'Silva', u'role_alt': u'client', u'email': u'jsilva@email.com', u'password': u'Test10', u'id': u'10'} 
06/14/2015 11:07:03 AM R: {u'username': u'sbarreto', u'first_name': u'Sofia', u'last_name': u'Barreto', u'role_alt': u'client', u'email': u'sbarreto@email.com', u'password': u'Test10', u'id': u'11'} 
06/14/2015 11:07:04 AM R: {u'username': u'jpaz', u'first_name': u'Jessica', u'last_name': u'Paz', u'role_alt': u'client', u'email': u'jpaz@email.com', u'password': u'Test10', u'id': u'12'} 
06/14/2015 11:07:05 AM R: {u'username': u'lhurtado', u'first_name': u'Luisa', u'last_name': u'Hurtado', u'role_alt': u'client', u'email': u'lhurtado@email.com', u'password': u'Test10', u'id': u'13'} 
06/14/2015 11:07:09 AM R: http://127.0.0.1:7000/api/v1/taxidrivers/ 
06/14/2015 11:07:17 AM R: {u'username': u'juniorgerdet', u'first_name': u'Junior', u'last_name': u'Gerdet', u'role_alt': u'taxi_driver', u'email': u'juniorgerdet@gmail.com', u'password': u'Test10', u'id': u'15'} 
06/14/2015 11:07:17 AM R: {u'username': u'amartinez', u'first_name': u'Alexis', u'last_name': u'Martinez', u'role_alt': u'client', u'email': u'amartinez@email.com', u'password': u'Test10', u'id': u'2'} 
06/14/2015 11:07:18 AM R: {u'username': u'jlopez', u'first_name': u'Jesus', u'last_name': u'Lopez', u'role_alt': u'taxi_driver', u'email': u'jlopez@email.com', u'password': u'Test10', u'id': u'3'} 
06/14/2015 11:07:18 AM R: {u'username': u'mherrera', u'first_name': u'Miguel', u'last_name': u'Herrera', u'role_alt': u'taxi_driver', u'email': u'mherrera@email.com', u'password': u'Test10', u'id': u'4'} 
06/14/2015 11:07:18 AM R: {u'username': u'fhernandez', u'first_name': u'Felix', u'last_name': u'Hernandez', u'role_alt': u'taxi_driver', u'email': u'fhernandez@email.com', u'password': u'Test10', u'id': u'5'} 
06/14/2015 11:07:19 AM R: {u'username': u'sgarcia', u'first_name': u'Samuel', u'last_name': u'Gracia', u'role_alt': u'taxi_driver', u'email': u'sgarcia@email.com', u'password': u'Test10', u'id': u'6'} 
06/14/2015 11:07:19 AM R: {u'username': u'dmartinez', u'first_name': u'Diego', u'last_name': u'Martinez', u'role_alt': u'taxi_driver', u'email': u'dmartinez@email.com', u'password': u'Test10', u'id': u'7'} 
06/14/2015 11:07:19 AM R: {u'username': u'agerdet', u'first_name': u'Alex', u'last_name': u'Gerdet', u'role_alt': u'taxi_driver', u'email': u'agerdet@email.com', u'password': u'Test10', u'id': u'8'} 
06/14/2015 11:07:20 AM R: {u'username': u'mcastillo', u'first_name': u'Maria', u'last_name': u'Castillo', u'role_alt': u'client', u'email': u'mcastillo@email.com', u'password': u'Test10', u'id': u'9'} 
06/14/2015 11:07:20 AM R: {u'username': u'jsilva', u'first_name': u'Jennifer', u'last_name': u'Silva', u'role_alt': u'client', u'email': u'jsilva@email.com', u'password': u'Test10', u'id': u'10'} 
06/14/2015 11:07:20 AM R: {u'username': u'sbarreto', u'first_name': u'Sofia', u'last_name': u'Barreto', u'role_alt': u'client', u'email': u'sbarreto@email.com', u'password': u'Test10', u'id': u'11'} 
06/14/2015 11:07:21 AM R: {u'username': u'jpaz', u'first_name': u'Jessica', u'last_name': u'Paz', u'role_alt': u'client', u'email': u'jpaz@email.com', u'password': u'Test10', u'id': u'12'} 
06/14/2015 11:07:21 AM R: {u'username': u'lhurtado', u'first_name': u'Luisa', u'last_name': u'Hurtado', u'role_alt': u'client', u'email': u'lhurtado@email.com', u'password': u'Test10', u'id': u'13'} 
06/14/2015 11:07:23 AM R: http://127.0.0.1:7000/api/v1/taxidrivers/ 
06/14/2015 11:07:23 AM Response Data: {'count': 6, 'courses': [OrderedDict([('id', 8), ('username', u'agerdet'), ('email', u'agerdet@email.com'), ('first_name', u'Alex'), ('last_name', u'Gerdet'), ('license_plate', u'233vvv'), ('busy', True)]), OrderedDict([('id', 15), ('username', u'juniorgerdet'), ('email', u'juniorgerdet@gmail.com'), ('first_name', u'Junior'), ('last_name', u'Gerdet'), ('license_plate', u'ccv2324'), ('busy', True)]), OrderedDict([('id', 7), ('username', u'dmartinez'), ('email', u'dmartinez@email.com'), ('first_name', u'Diego'), ('last_name', u'Martinez'), ('license_plate', u'pav2212'), ('busy', False)]), OrderedDict([('id', 6), ('username', u'sgarcia'), ('email', u'sgarcia@email.com'), ('first_name', u'Samuel'), ('last_name', u'Gracia'), ('license_plate', u'222oppp'), ('busy', False)]), OrderedDict([('id', 5), ('username', u'fhernandez'), ('email', u'fhernandez@email.com'), ('first_name', u'Felix'), ('last_name', u'Hernandez'), ('license_plate', u'222111q'), ('busy', False)]), OrderedDict([('id', 3), ('username', u'jlopez'), ('email', u'jlopez@email.com'), ('first_name', u'Jesus'), ('last_name', u'Lopez'), ('license_plate', u'zxs12ux'), ('busy', False)])], 'previous': None, 'next': None} 
06/14/2015 11:10:00 AM R: {u'username': u'juniorgerdet', u'first_name': u'Junior', u'last_name': u'Gerdet', u'role_alt': u'taxi_driver', u'email': u'juniorgerdet@gmail.com', u'password': u'Test10', u'id': u'15'} 
06/14/2015 11:10:00 AM R: {u'username': u'amartinez', u'first_name': u'Alexis', u'last_name': u'Martinez', u'role_alt': u'client', u'email': u'amartinez@email.com', u'password': u'Test10', u'id': u'2'} 
06/14/2015 11:10:00 AM R: {u'username': u'jlopez', u'first_name': u'Jesus', u'last_name': u'Lopez', u'role_alt': u'taxi_driver', u'email': u'jlopez@email.com', u'password': u'Test10', u'id': u'3'} 
06/14/2015 11:10:01 AM R: {u'username': u'mherrera', u'first_name': u'Miguel', u'last_name': u'Herrera', u'role_alt': u'taxi_driver', u'email': u'mherrera@email.com', u'password': u'Test10', u'id': u'4'} 
06/14/2015 11:10:01 AM R: {u'username': u'fhernandez', u'first_name': u'Felix', u'last_name': u'Hernandez', u'role_alt': u'taxi_driver', u'email': u'fhernandez@email.com', u'password': u'Test10', u'id': u'5'} 
06/14/2015 11:10:01 AM R: {u'username': u'sgarcia', u'first_name': u'Samuel', u'last_name': u'Gracia', u'role_alt': u'taxi_driver', u'email': u'sgarcia@email.com', u'password': u'Test10', u'id': u'6'} 
06/14/2015 11:10:02 AM R: {u'username': u'dmartinez', u'first_name': u'Diego', u'last_name': u'Martinez', u'role_alt': u'taxi_driver', u'email': u'dmartinez@email.com', u'password': u'Test10', u'id': u'7'} 
06/14/2015 11:10:02 AM R: {u'username': u'agerdet', u'first_name': u'Alex', u'last_name': u'Gerdet', u'role_alt': u'taxi_driver', u'email': u'agerdet@email.com', u'password': u'Test10', u'id': u'8'} 
06/14/2015 11:10:02 AM R: {u'username': u'mcastillo', u'first_name': u'Maria', u'last_name': u'Castillo', u'role_alt': u'client', u'email': u'mcastillo@email.com', u'password': u'Test10', u'id': u'9'} 
06/14/2015 11:10:03 AM R: {u'username': u'jsilva', u'first_name': u'Jennifer', u'last_name': u'Silva', u'role_alt': u'client', u'email': u'jsilva@email.com', u'password': u'Test10', u'id': u'10'} 
06/14/2015 11:10:03 AM R: {u'username': u'sbarreto', u'first_name': u'Sofia', u'last_name': u'Barreto', u'role_alt': u'client', u'email': u'sbarreto@email.com', u'password': u'Test10', u'id': u'11'} 
06/14/2015 11:10:03 AM R: {u'username': u'jpaz', u'first_name': u'Jessica', u'last_name': u'Paz', u'role_alt': u'client', u'email': u'jpaz@email.com', u'password': u'Test10', u'id': u'12'} 
06/14/2015 11:10:04 AM R: {u'username': u'lhurtado', u'first_name': u'Luisa', u'last_name': u'Hurtado', u'role_alt': u'client', u'email': u'lhurtado@email.com', u'password': u'Test10', u'id': u'13'} 
06/14/2015 11:10:06 AM R: http://127.0.0.1:9000/api/v1/taxidrivers/ 
06/14/2015 11:10:14 AM R: {u'username': u'juniorgerdet', u'first_name': u'Junior', u'last_name': u'Gerdet', u'role_alt': u'taxi_driver', u'email': u'juniorgerdet@gmail.com', u'password': u'Test10', u'id': u'15'} 
06/14/2015 11:10:14 AM R: {u'username': u'amartinez', u'first_name': u'Alexis', u'last_name': u'Martinez', u'role_alt': u'client', u'email': u'amartinez@email.com', u'password': u'Test10', u'id': u'2'} 
06/14/2015 11:10:15 AM R: {u'username': u'jlopez', u'first_name': u'Jesus', u'last_name': u'Lopez', u'role_alt': u'taxi_driver', u'email': u'jlopez@email.com', u'password': u'Test10', u'id': u'3'} 
06/14/2015 11:10:15 AM R: {u'username': u'mherrera', u'first_name': u'Miguel', u'last_name': u'Herrera', u'role_alt': u'taxi_driver', u'email': u'mherrera@email.com', u'password': u'Test10', u'id': u'4'} 
06/14/2015 11:10:15 AM R: {u'username': u'fhernandez', u'first_name': u'Felix', u'last_name': u'Hernandez', u'role_alt': u'taxi_driver', u'email': u'fhernandez@email.com', u'password': u'Test10', u'id': u'5'} 
06/14/2015 11:10:16 AM R: {u'username': u'sgarcia', u'first_name': u'Samuel', u'last_name': u'Gracia', u'role_alt': u'taxi_driver', u'email': u'sgarcia@email.com', u'password': u'Test10', u'id': u'6'} 
06/14/2015 11:10:16 AM R: {u'username': u'dmartinez', u'first_name': u'Diego', u'last_name': u'Martinez', u'role_alt': u'taxi_driver', u'email': u'dmartinez@email.com', u'password': u'Test10', u'id': u'7'} 
06/14/2015 11:10:16 AM R: {u'username': u'agerdet', u'first_name': u'Alex', u'last_name': u'Gerdet', u'role_alt': u'taxi_driver', u'email': u'agerdet@email.com', u'password': u'Test10', u'id': u'8'} 
06/14/2015 11:10:17 AM R: {u'username': u'mcastillo', u'first_name': u'Maria', u'last_name': u'Castillo', u'role_alt': u'client', u'email': u'mcastillo@email.com', u'password': u'Test10', u'id': u'9'} 
06/14/2015 11:10:17 AM R: {u'username': u'jsilva', u'first_name': u'Jennifer', u'last_name': u'Silva', u'role_alt': u'client', u'email': u'jsilva@email.com', u'password': u'Test10', u'id': u'10'} 
06/14/2015 11:10:17 AM R: {u'username': u'sbarreto', u'first_name': u'Sofia', u'last_name': u'Barreto', u'role_alt': u'client', u'email': u'sbarreto@email.com', u'password': u'Test10', u'id': u'11'} 
06/14/2015 11:10:18 AM R: {u'username': u'jpaz', u'first_name': u'Jessica', u'last_name': u'Paz', u'role_alt': u'client', u'email': u'jpaz@email.com', u'password': u'Test10', u'id': u'12'} 
06/14/2015 11:10:18 AM R: {u'username': u'lhurtado', u'first_name': u'Luisa', u'last_name': u'Hurtado', u'role_alt': u'client', u'email': u'lhurtado@email.com', u'password': u'Test10', u'id': u'13'} 
06/14/2015 11:10:20 AM R: http://127.0.0.1:9000/api/v1/taxidrivers/ 
06/14/2015 11:10:20 AM Response Data: {'count': 6, 'courses': [OrderedDict([('id', 8), ('username', u'agerdet'), ('email', u'agerdet@email.com'), ('first_name', u'Alex'), ('last_name', u'Gerdet'), ('license_plate', u'233vvv'), ('busy', True)]), OrderedDict([('id', 15), ('username', u'juniorgerdet'), ('email', u'juniorgerdet@gmail.com'), ('first_name', u'Junior'), ('last_name', u'Gerdet'), ('license_plate', u'ccv2324'), ('busy', True)]), OrderedDict([('id', 7), ('username', u'dmartinez'), ('email', u'dmartinez@email.com'), ('first_name', u'Diego'), ('last_name', u'Martinez'), ('license_plate', u'pav2212'), ('busy', False)]), OrderedDict([('id', 6), ('username', u'sgarcia'), ('email', u'sgarcia@email.com'), ('first_name', u'Samuel'), ('last_name', u'Gracia'), ('license_plate', u'222oppp'), ('busy', False)]), OrderedDict([('id', 5), ('username', u'fhernandez'), ('email', u'fhernandez@email.com'), ('first_name', u'Felix'), ('last_name', u'Hernandez'), ('license_plate', u'222111q'), ('busy', False)]), OrderedDict([('id', 3), ('username', u'jlopez'), ('email', u'jlopez@email.com'), ('first_name', u'Jesus'), ('last_name', u'Lopez'), ('license_plate', u'zxs12ux'), ('busy', False)])], 'previous': None, 'next': None} 
06/14/2015 11:14:58 AM R: {u'username': u'juniorgerdet', u'first_name': u'Junior', u'last_name': u'Gerdet', u'role_alt': u'taxi_driver', u'email': u'juniorgerdet@gmail.com', u'password': u'Test10', u'id': u'15'} 
06/14/2015 11:14:58 AM R: {u'username': u'amartinez', u'first_name': u'Alexis', u'last_name': u'Martinez', u'role_alt': u'client', u'email': u'amartinez@email.com', u'password': u'Test10', u'id': u'2'} 
06/14/2015 11:14:59 AM R: {u'username': u'jlopez', u'first_name': u'Jesus', u'last_name': u'Lopez', u'role_alt': u'taxi_driver', u'email': u'jlopez@email.com', u'password': u'Test10', u'id': u'3'} 
06/14/2015 11:14:59 AM R: {u'username': u'mherrera', u'first_name': u'Miguel', u'last_name': u'Herrera', u'role_alt': u'taxi_driver', u'email': u'mherrera@email.com', u'password': u'Test10', u'id': u'4'} 
06/14/2015 11:14:59 AM R: {u'username': u'fhernandez', u'first_name': u'Felix', u'last_name': u'Hernandez', u'role_alt': u'taxi_driver', u'email': u'fhernandez@email.com', u'password': u'Test10', u'id': u'5'} 
06/14/2015 11:15:00 AM R: {u'username': u'sgarcia', u'first_name': u'Samuel', u'last_name': u'Gracia', u'role_alt': u'taxi_driver', u'email': u'sgarcia@email.com', u'password': u'Test10', u'id': u'6'} 
06/14/2015 11:15:00 AM R: {u'username': u'dmartinez', u'first_name': u'Diego', u'last_name': u'Martinez', u'role_alt': u'taxi_driver', u'email': u'dmartinez@email.com', u'password': u'Test10', u'id': u'7'} 
06/14/2015 11:15:00 AM R: {u'username': u'agerdet', u'first_name': u'Alex', u'last_name': u'Gerdet', u'role_alt': u'taxi_driver', u'email': u'agerdet@email.com', u'password': u'Test10', u'id': u'8'} 
06/14/2015 11:15:01 AM R: {u'username': u'mcastillo', u'first_name': u'Maria', u'last_name': u'Castillo', u'role_alt': u'client', u'email': u'mcastillo@email.com', u'password': u'Test10', u'id': u'9'} 
06/14/2015 11:15:01 AM R: {u'username': u'jsilva', u'first_name': u'Jennifer', u'last_name': u'Silva', u'role_alt': u'client', u'email': u'jsilva@email.com', u'password': u'Test10', u'id': u'10'} 
06/14/2015 11:15:01 AM R: {u'username': u'sbarreto', u'first_name': u'Sofia', u'last_name': u'Barreto', u'role_alt': u'client', u'email': u'sbarreto@email.com', u'password': u'Test10', u'id': u'11'} 
06/14/2015 11:15:02 AM R: {u'username': u'jpaz', u'first_name': u'Jessica', u'last_name': u'Paz', u'role_alt': u'client', u'email': u'jpaz@email.com', u'password': u'Test10', u'id': u'12'} 
06/14/2015 11:15:02 AM R: {u'username': u'lhurtado', u'first_name': u'Luisa', u'last_name': u'Hurtado', u'role_alt': u'client', u'email': u'lhurtado@email.com', u'password': u'Test10', u'id': u'13'} 
06/14/2015 11:15:06 AM R: http://127.0.0.1:9000/api/v1/taxidrivers/?busy=1 
06/14/2015 11:15:06 AM Response Data: {'count': 2, 'courses': [OrderedDict([('id', 8), ('username', u'agerdet'), ('email', u'agerdet@email.com'), ('first_name', u'Alex'), ('last_name', u'Gerdet'), ('license_plate', u'233vvv'), ('busy', True)]), OrderedDict([('id', 15), ('username', u'juniorgerdet'), ('email', u'juniorgerdet@gmail.com'), ('first_name', u'Junior'), ('last_name', u'Gerdet'), ('license_plate', u'ccv2324'), ('busy', True)])], 'previous': None, 'next': None} 
06/14/2015 11:16:30 AM R: {u'username': u'juniorgerdet', u'first_name': u'Junior', u'last_name': u'Gerdet', u'role_alt': u'taxi_driver', u'email': u'juniorgerdet@gmail.com', u'password': u'Test10', u'id': u'15'} 
06/14/2015 11:16:30 AM R: {u'username': u'amartinez', u'first_name': u'Alexis', u'last_name': u'Martinez', u'role_alt': u'client', u'email': u'amartinez@email.com', u'password': u'Test10', u'id': u'2'} 
06/14/2015 11:16:30 AM R: {u'username': u'jlopez', u'first_name': u'Jesus', u'last_name': u'Lopez', u'role_alt': u'taxi_driver', u'email': u'jlopez@email.com', u'password': u'Test10', u'id': u'3'} 
06/14/2015 11:16:31 AM R: {u'username': u'mherrera', u'first_name': u'Miguel', u'last_name': u'Herrera', u'role_alt': u'taxi_driver', u'email': u'mherrera@email.com', u'password': u'Test10', u'id': u'4'} 
06/14/2015 11:16:31 AM R: {u'username': u'fhernandez', u'first_name': u'Felix', u'last_name': u'Hernandez', u'role_alt': u'taxi_driver', u'email': u'fhernandez@email.com', u'password': u'Test10', u'id': u'5'} 
06/14/2015 11:16:31 AM R: {u'username': u'sgarcia', u'first_name': u'Samuel', u'last_name': u'Gracia', u'role_alt': u'taxi_driver', u'email': u'sgarcia@email.com', u'password': u'Test10', u'id': u'6'} 
06/14/2015 11:16:32 AM R: {u'username': u'dmartinez', u'first_name': u'Diego', u'last_name': u'Martinez', u'role_alt': u'taxi_driver', u'email': u'dmartinez@email.com', u'password': u'Test10', u'id': u'7'} 
06/14/2015 11:16:32 AM R: {u'username': u'agerdet', u'first_name': u'Alex', u'last_name': u'Gerdet', u'role_alt': u'taxi_driver', u'email': u'agerdet@email.com', u'password': u'Test10', u'id': u'8'} 
06/14/2015 11:16:32 AM R: {u'username': u'mcastillo', u'first_name': u'Maria', u'last_name': u'Castillo', u'role_alt': u'client', u'email': u'mcastillo@email.com', u'password': u'Test10', u'id': u'9'} 
06/14/2015 11:16:33 AM R: {u'username': u'jsilva', u'first_name': u'Jennifer', u'last_name': u'Silva', u'role_alt': u'client', u'email': u'jsilva@email.com', u'password': u'Test10', u'id': u'10'} 
06/14/2015 11:16:33 AM R: {u'username': u'sbarreto', u'first_name': u'Sofia', u'last_name': u'Barreto', u'role_alt': u'client', u'email': u'sbarreto@email.com', u'password': u'Test10', u'id': u'11'} 
06/14/2015 11:16:33 AM R: {u'username': u'jpaz', u'first_name': u'Jessica', u'last_name': u'Paz', u'role_alt': u'client', u'email': u'jpaz@email.com', u'password': u'Test10', u'id': u'12'} 
06/14/2015 11:16:34 AM R: {u'username': u'lhurtado', u'first_name': u'Luisa', u'last_name': u'Hurtado', u'role_alt': u'client', u'email': u'lhurtado@email.com', u'password': u'Test10', u'id': u'13'} 
06/14/2015 11:16:37 AM R: http://127.0.0.1:9000/api/v1/taxidrivers/?busy=1 
06/14/2015 11:17:35 AM R: {u'username': u'juniorgerdet', u'first_name': u'Junior', u'last_name': u'Gerdet', u'role_alt': u'taxi_driver', u'email': u'juniorgerdet@gmail.com', u'password': u'Test10', u'id': u'15'} 
06/14/2015 11:17:35 AM R: {u'username': u'amartinez', u'first_name': u'Alexis', u'last_name': u'Martinez', u'role_alt': u'client', u'email': u'amartinez@email.com', u'password': u'Test10', u'id': u'2'} 
06/14/2015 11:17:35 AM R: {u'username': u'jlopez', u'first_name': u'Jesus', u'last_name': u'Lopez', u'role_alt': u'taxi_driver', u'email': u'jlopez@email.com', u'password': u'Test10', u'id': u'3'} 
06/14/2015 11:17:36 AM R: {u'username': u'mherrera', u'first_name': u'Miguel', u'last_name': u'Herrera', u'role_alt': u'taxi_driver', u'email': u'mherrera@email.com', u'password': u'Test10', u'id': u'4'} 
06/14/2015 11:17:36 AM R: {u'username': u'fhernandez', u'first_name': u'Felix', u'last_name': u'Hernandez', u'role_alt': u'taxi_driver', u'email': u'fhernandez@email.com', u'password': u'Test10', u'id': u'5'} 
06/14/2015 11:17:36 AM R: {u'username': u'sgarcia', u'first_name': u'Samuel', u'last_name': u'Gracia', u'role_alt': u'taxi_driver', u'email': u'sgarcia@email.com', u'password': u'Test10', u'id': u'6'} 
06/14/2015 11:17:37 AM R: {u'username': u'dmartinez', u'first_name': u'Diego', u'last_name': u'Martinez', u'role_alt': u'taxi_driver', u'email': u'dmartinez@email.com', u'password': u'Test10', u'id': u'7'} 
06/14/2015 11:17:37 AM R: {u'username': u'agerdet', u'first_name': u'Alex', u'last_name': u'Gerdet', u'role_alt': u'taxi_driver', u'email': u'agerdet@email.com', u'password': u'Test10', u'id': u'8'} 
06/14/2015 11:17:37 AM R: {u'username': u'mcastillo', u'first_name': u'Maria', u'last_name': u'Castillo', u'role_alt': u'client', u'email': u'mcastillo@email.com', u'password': u'Test10', u'id': u'9'} 
06/14/2015 11:17:38 AM R: {u'username': u'jsilva', u'first_name': u'Jennifer', u'last_name': u'Silva', u'role_alt': u'client', u'email': u'jsilva@email.com', u'password': u'Test10', u'id': u'10'} 
06/14/2015 11:17:38 AM R: {u'username': u'sbarreto', u'first_name': u'Sofia', u'last_name': u'Barreto', u'role_alt': u'client', u'email': u'sbarreto@email.com', u'password': u'Test10', u'id': u'11'} 
06/14/2015 11:17:38 AM R: {u'username': u'jpaz', u'first_name': u'Jessica', u'last_name': u'Paz', u'role_alt': u'client', u'email': u'jpaz@email.com', u'password': u'Test10', u'id': u'12'} 
06/14/2015 11:17:39 AM R: {u'username': u'lhurtado', u'first_name': u'Luisa', u'last_name': u'Hurtado', u'role_alt': u'client', u'email': u'lhurtado@email.com', u'password': u'Test10', u'id': u'13'} 
06/14/2015 11:17:43 AM R: http://127.0.0.1:9000/api/v1/taxidrivers/?busy=1 
06/14/2015 11:17:43 AM Response Data: 2 
06/14/2015 11:18:59 AM R: {u'username': u'juniorgerdet', u'first_name': u'Junior', u'last_name': u'Gerdet', u'role_alt': u'taxi_driver', u'email': u'juniorgerdet@gmail.com', u'password': u'Test10', u'id': u'15'} 
06/14/2015 11:19:00 AM R: {u'username': u'amartinez', u'first_name': u'Alexis', u'last_name': u'Martinez', u'role_alt': u'client', u'email': u'amartinez@email.com', u'password': u'Test10', u'id': u'2'} 
06/14/2015 11:19:00 AM R: {u'username': u'jlopez', u'first_name': u'Jesus', u'last_name': u'Lopez', u'role_alt': u'taxi_driver', u'email': u'jlopez@email.com', u'password': u'Test10', u'id': u'3'} 
06/14/2015 11:19:01 AM R: {u'username': u'mherrera', u'first_name': u'Miguel', u'last_name': u'Herrera', u'role_alt': u'taxi_driver', u'email': u'mherrera@email.com', u'password': u'Test10', u'id': u'4'} 
06/14/2015 11:19:01 AM R: {u'username': u'fhernandez', u'first_name': u'Felix', u'last_name': u'Hernandez', u'role_alt': u'taxi_driver', u'email': u'fhernandez@email.com', u'password': u'Test10', u'id': u'5'} 
06/14/2015 11:19:02 AM R: {u'username': u'sgarcia', u'first_name': u'Samuel', u'last_name': u'Gracia', u'role_alt': u'taxi_driver', u'email': u'sgarcia@email.com', u'password': u'Test10', u'id': u'6'} 
06/14/2015 11:19:02 AM R: {u'username': u'dmartinez', u'first_name': u'Diego', u'last_name': u'Martinez', u'role_alt': u'taxi_driver', u'email': u'dmartinez@email.com', u'password': u'Test10', u'id': u'7'} 
06/14/2015 11:19:03 AM R: {u'username': u'agerdet', u'first_name': u'Alex', u'last_name': u'Gerdet', u'role_alt': u'taxi_driver', u'email': u'agerdet@email.com', u'password': u'Test10', u'id': u'8'} 
06/14/2015 11:19:03 AM R: {u'username': u'mcastillo', u'first_name': u'Maria', u'last_name': u'Castillo', u'role_alt': u'client', u'email': u'mcastillo@email.com', u'password': u'Test10', u'id': u'9'} 
06/14/2015 11:19:03 AM R: {u'username': u'jsilva', u'first_name': u'Jennifer', u'last_name': u'Silva', u'role_alt': u'client', u'email': u'jsilva@email.com', u'password': u'Test10', u'id': u'10'} 
06/14/2015 11:19:04 AM R: {u'username': u'sbarreto', u'first_name': u'Sofia', u'last_name': u'Barreto', u'role_alt': u'client', u'email': u'sbarreto@email.com', u'password': u'Test10', u'id': u'11'} 
06/14/2015 11:19:04 AM R: {u'username': u'jpaz', u'first_name': u'Jessica', u'last_name': u'Paz', u'role_alt': u'client', u'email': u'jpaz@email.com', u'password': u'Test10', u'id': u'12'} 
06/14/2015 11:19:04 AM R: {u'username': u'lhurtado', u'first_name': u'Luisa', u'last_name': u'Hurtado', u'role_alt': u'client', u'email': u'lhurtado@email.com', u'password': u'Test10', u'id': u'13'} 
06/14/2015 11:19:07 AM R: http://127.0.0.1:9000/api/v1/taxidrivers/ 
06/14/2015 11:19:11 AM R: {u'username': u'juniorgerdet', u'first_name': u'Junior', u'last_name': u'Gerdet', u'role_alt': u'taxi_driver', u'email': u'juniorgerdet@gmail.com', u'password': u'Test10', u'id': u'15'} 
06/14/2015 11:19:12 AM R: {u'username': u'amartinez', u'first_name': u'Alexis', u'last_name': u'Martinez', u'role_alt': u'client', u'email': u'amartinez@email.com', u'password': u'Test10', u'id': u'2'} 
06/14/2015 11:19:12 AM R: {u'username': u'jlopez', u'first_name': u'Jesus', u'last_name': u'Lopez', u'role_alt': u'taxi_driver', u'email': u'jlopez@email.com', u'password': u'Test10', u'id': u'3'} 
06/14/2015 11:19:12 AM R: {u'username': u'mherrera', u'first_name': u'Miguel', u'last_name': u'Herrera', u'role_alt': u'taxi_driver', u'email': u'mherrera@email.com', u'password': u'Test10', u'id': u'4'} 
06/14/2015 11:19:13 AM R: {u'username': u'fhernandez', u'first_name': u'Felix', u'last_name': u'Hernandez', u'role_alt': u'taxi_driver', u'email': u'fhernandez@email.com', u'password': u'Test10', u'id': u'5'} 
06/14/2015 11:19:13 AM R: {u'username': u'sgarcia', u'first_name': u'Samuel', u'last_name': u'Gracia', u'role_alt': u'taxi_driver', u'email': u'sgarcia@email.com', u'password': u'Test10', u'id': u'6'} 
06/14/2015 11:19:13 AM R: {u'username': u'dmartinez', u'first_name': u'Diego', u'last_name': u'Martinez', u'role_alt': u'taxi_driver', u'email': u'dmartinez@email.com', u'password': u'Test10', u'id': u'7'} 
06/14/2015 11:19:14 AM R: {u'username': u'agerdet', u'first_name': u'Alex', u'last_name': u'Gerdet', u'role_alt': u'taxi_driver', u'email': u'agerdet@email.com', u'password': u'Test10', u'id': u'8'} 
06/14/2015 11:19:14 AM R: {u'username': u'mcastillo', u'first_name': u'Maria', u'last_name': u'Castillo', u'role_alt': u'client', u'email': u'mcastillo@email.com', u'password': u'Test10', u'id': u'9'} 
06/14/2015 11:19:14 AM R: {u'username': u'jsilva', u'first_name': u'Jennifer', u'last_name': u'Silva', u'role_alt': u'client', u'email': u'jsilva@email.com', u'password': u'Test10', u'id': u'10'} 
06/14/2015 11:19:15 AM R: {u'username': u'sbarreto', u'first_name': u'Sofia', u'last_name': u'Barreto', u'role_alt': u'client', u'email': u'sbarreto@email.com', u'password': u'Test10', u'id': u'11'} 
06/14/2015 11:19:15 AM R: {u'username': u'jpaz', u'first_name': u'Jessica', u'last_name': u'Paz', u'role_alt': u'client', u'email': u'jpaz@email.com', u'password': u'Test10', u'id': u'12'} 
06/14/2015 11:19:15 AM R: {u'username': u'lhurtado', u'first_name': u'Luisa', u'last_name': u'Hurtado', u'role_alt': u'client', u'email': u'lhurtado@email.com', u'password': u'Test10', u'id': u'13'} 
06/14/2015 11:19:17 AM R: http://127.0.0.1:9000/api/v1/taxidrivers/?busy=1 
06/14/2015 11:19:21 AM R: {u'username': u'juniorgerdet', u'first_name': u'Junior', u'last_name': u'Gerdet', u'role_alt': u'taxi_driver', u'email': u'juniorgerdet@gmail.com', u'password': u'Test10', u'id': u'15'} 
06/14/2015 11:19:22 AM R: {u'username': u'amartinez', u'first_name': u'Alexis', u'last_name': u'Martinez', u'role_alt': u'client', u'email': u'amartinez@email.com', u'password': u'Test10', u'id': u'2'} 
06/14/2015 11:19:22 AM R: {u'username': u'jlopez', u'first_name': u'Jesus', u'last_name': u'Lopez', u'role_alt': u'taxi_driver', u'email': u'jlopez@email.com', u'password': u'Test10', u'id': u'3'} 
06/14/2015 11:19:22 AM R: {u'username': u'mherrera', u'first_name': u'Miguel', u'last_name': u'Herrera', u'role_alt': u'taxi_driver', u'email': u'mherrera@email.com', u'password': u'Test10', u'id': u'4'} 
06/14/2015 11:19:23 AM R: {u'username': u'fhernandez', u'first_name': u'Felix', u'last_name': u'Hernandez', u'role_alt': u'taxi_driver', u'email': u'fhernandez@email.com', u'password': u'Test10', u'id': u'5'} 
06/14/2015 11:19:23 AM R: {u'username': u'sgarcia', u'first_name': u'Samuel', u'last_name': u'Gracia', u'role_alt': u'taxi_driver', u'email': u'sgarcia@email.com', u'password': u'Test10', u'id': u'6'} 
06/14/2015 11:19:23 AM R: {u'username': u'dmartinez', u'first_name': u'Diego', u'last_name': u'Martinez', u'role_alt': u'taxi_driver', u'email': u'dmartinez@email.com', u'password': u'Test10', u'id': u'7'} 
06/14/2015 11:19:24 AM R: {u'username': u'agerdet', u'first_name': u'Alex', u'last_name': u'Gerdet', u'role_alt': u'taxi_driver', u'email': u'agerdet@email.com', u'password': u'Test10', u'id': u'8'} 
06/14/2015 11:19:24 AM R: {u'username': u'mcastillo', u'first_name': u'Maria', u'last_name': u'Castillo', u'role_alt': u'client', u'email': u'mcastillo@email.com', u'password': u'Test10', u'id': u'9'} 
06/14/2015 11:19:24 AM R: {u'username': u'jsilva', u'first_name': u'Jennifer', u'last_name': u'Silva', u'role_alt': u'client', u'email': u'jsilva@email.com', u'password': u'Test10', u'id': u'10'} 
06/14/2015 11:19:25 AM R: {u'username': u'sbarreto', u'first_name': u'Sofia', u'last_name': u'Barreto', u'role_alt': u'client', u'email': u'sbarreto@email.com', u'password': u'Test10', u'id': u'11'} 
06/14/2015 11:19:25 AM R: {u'username': u'jpaz', u'first_name': u'Jessica', u'last_name': u'Paz', u'role_alt': u'client', u'email': u'jpaz@email.com', u'password': u'Test10', u'id': u'12'} 
06/14/2015 11:19:25 AM R: {u'username': u'lhurtado', u'first_name': u'Luisa', u'last_name': u'Hurtado', u'role_alt': u'client', u'email': u'lhurtado@email.com', u'password': u'Test10', u'id': u'13'} 
06/14/2015 11:19:27 AM R: http://127.0.0.1:9000/api/v1/taxidrivers/?busy=0 
